Fatal Python error: Segmentation fault

Thread 0x0000148cf4f7b400 (most recent call first):
  File "/home/jositu/.local/lib/python3.12/site-packages/xgboost/core.py", line 1823 in _init
  File "/home/jositu/.local/lib/python3.12/site-packages/xgboost/core.py", line 1768 in __init__
  File "/home/jositu/.local/lib/python3.12/site-packages/xgboost/core.py", line 774 in inner_f
  File "/home/jositu/.local/lib/python3.12/site-packages/xgboost/sklearn.py", line 1257 in _create_dmatrix
  File "/home/jositu/.local/lib/python3.12/site-packages/xgboost/sklearn.py", line 702 in _wrap_evaluation_matrices
  File "/home/jositu/.local/lib/python3.12/site-packages/xgboost/sklearn.py", line 1343 in fit
  File "/home/jositu/.local/lib/python3.12/site-packages/xgboost/core.py", line 774 in inner_f
  File "/orcd/software/core/001/pkg/miniforge/25.11.0-0/lib/python3.12/site-packages/sklearn/pipeline.py", line 663 in fit
  File "/orcd/software/core/001/pkg/miniforge/25.11.0-0/lib/python3.12/site-packages/sklearn/base.py", line 1365 in wrapper
  File "/orcd/software/core/001/pkg/miniforge/25.11.0-0/lib/python3.12/site-packages/sklearn/model_selection/_validation.py", line 859 in _fit_and_score
  File "/orcd/software/core/001/pkg/miniforge/25.11.0-0/lib/python3.12/site-packages/sklearn/utils/parallel.py", line 147 in __call__
  File "/orcd/software/core/001/pkg/miniforge/25.11.0-0/lib/python3.12/site-packages/joblib/parallel.py", line 607 in __call__
  File "/orcd/software/core/001/pkg/miniforge/25.11.0-0/lib/python3.12/site-packages/joblib/externals/loky/process_executor.py", line 291 in __call__
  File "/orcd/software/core/001/pkg/miniforge/25.11.0-0/lib/python3.12/site-packages/joblib/externals/loky/process_executor.py", line 490 in _process_worker
  File "/orcd/software/core/001/pkg/miniforge/25.11.0-0/lib/python3.12/multiprocessing/process.py", line 108 in run
  File "/orcd/software/core/001/pkg/miniforge/25.11.0-0/lib/python3.12/multiprocessing/process.py", line 314 in _bootstrap
  File "/orcd/software/core/001/pkg/miniforge/25.11.0-0/lib/python3.12/site-packages/joblib/externals/loky/backend/popen_loky_posix.py", line 180 in <module>
  File "<frozen runpy>", line 88 in _run_code
  File "<frozen runpy>", line 198 in _run_module_as_main

Extension modules: psutil._psutil_linux, numpy._core._multiarray_umath, numpy.linalg._umath_linalg, sklearn.__check_build._check_build, _cyutility, scipy._cyutility, scipy._lib._ccallback_c, numpy.random._common, numpy.random.bit_generator, numpy.random._bounded_integers, numpy.random._pcg64, numpy.random._mt19937, numpy.random._generator, numpy.random._philox, numpy.random._sfc64, numpy.random.mtrand, scipy.sparse._sparsetools, _csparsetools, scipy.sparse._csparsetools, scipy.special._ufuncs_cxx, scipy.special._ellip_harm_2, scipy.special._special_ufuncs, scipy.special._gufuncs, scipy.special._ufuncs, scipy.special._specfun, scipy.special._comb, scipy.linalg._fblas, scipy.linalg._flapack, scipy.linalg.cython_lapack, scipy.linalg._cythonized_array_utils, scipy.linalg._solve_toeplitz, scipy.linalg._decomp_lu_cython, scipy.linalg._matfuncs_schur_sqrtm, scipy.linalg._matfuncs_expm, scipy.linalg._linalg_pythran, scipy.linalg.cython_blas, scipy.linalg._decomp_update, scipy.sparse.linalg._dsolve._superlu, scipy.sparse.linalg._eigen.arpack._arpack, scipy.sparse.linalg._propack._spropack, scipy.sparse.linalg._propack._dpropack, scipy.sparse.linalg._propack._cpropack, scipy.sparse.linalg._propack._zpropack, scipy.spatial._ckdtree, scipy._lib.messagestream, scipy.spatial._qhull, scipy.spatial._voronoi, scipy.spatial._hausdorff, scipy.spatial._distance_wrap, scipy.spatial.transform._rotation, scipy.spatial.transform._rigid_transform, scipy.optimize._group_columns, scipy.optimize._trlib._trlib, scipy.optimize._lbfgsb, _moduleTNC, scipy.optimize._moduleTNC, scipy.optimize._slsqplib, scipy.optimize._minpack, scipy.optimize._lsq.givens_elimination, scipy.optimize._zeros, scipy._lib._uarray._uarray, scipy.linalg._decomp_interpolative, scipy.optimize._bglu_dense, scipy.optimize._lsap, scipy.optimize._direct, scipy.integrate._odepack, scipy.integrate._quadpack, scipy.integrate._vode, scipy.integrate._dop, scipy.integrate._lsoda, scipy.interpolate._fitpack, scipy.interpolate._dfitpack, scipy.interpolate._dierckx, scipy.interpolate._ppoly, scipy.interpolate._interpnd, scipy.interpolate._rbfinterp_pythran, scipy.interpolate._rgi_cython, scipy.special.cython_special, scipy.stats._stats, scipy.stats._biasedurn, scipy.stats._stats_pythran, scipy.stats._levy_stable.levyst, scipy.stats._ansari_swilk_statistics, scipy.sparse.csgraph._tools, scipy.sparse.csgraph._shortest_path, scipy.sparse.csgraph._traversal, scipy.sparse.csgraph._min_spanning_tree, scipy.sparse.csgraph._flow, scipy.sparse.csgraph._matching, scipy.sparse.csgraph._reordering, scipy.stats._sobol, scipy.stats._qmc_cy, scipy.stats._rcont.rcont, scipy.stats._qmvnt_cy, scipy.ndimage._nd_image, scipy.ndimage._rank_filter_1d, _ni_label, scipy.ndimage._ni_label, pandas._libs.tslibs.ccalendar, pandas._libs.tslibs.np_datetime, pandas._libs.tslibs.dtypes, pandas._libs.tslibs.base, pandas._libs.tslibs.nattype, pandas._libs.tslibs.timezones, pandas._libs.tslibs.fields, pandas._libs.tslibs.timedeltas, pandas._libs.tslibs.tzconversion, pandas._libs.tslibs.timestamps, pandas._libs.properties, pandas._libs.tslibs.offsets, pandas._libs.tslibs.strptime, pandas._libs.tslibs.parsing, pandas._libs.tslibs.conversion, pandas._libs.tslibs.period, pandas._libs.tslibs.vectorized, pandas._libs.ops_dispatch, pandas._libs.missing, pandas._libs.hashtable, pandas._libs.algos, pandas._libs.interval, pandas._libs.lib, pandas._libs.ops, pandas._libs.hashing, pandas._libs.arrays, pandas._libs.tslib, pandas._libs.sparse, pandas._libs.internals, pandas._libs.indexing, pandas._libs.index, pandas._libs.writers, pandas._libs.join, pandas._libs.window.aggregations, pandas._libs.window.indexers, pandas._libs.reshape, pandas._libs.groupby, pandas._libs.json, pandas._libs.parsers, pandas._libs.testing, sklearn._cyutility, sklearn.utils._isfinite, sklearn.utils.sparsefuncs_fast, sklearn.utils.murmurhash, sklearn.utils._openmp_helpers, sklearn.metrics.cluster._expected_mutual_info_fast, sklearn.preprocessing._csr_polynomial_expansion, sklearn.preprocessing._target_encoder_fast, sklearn.metrics._dist_metrics, sklearn.metrics._pairwise_distances_reduction._datasets_pair, sklearn.utils._cython_blas, sklearn.metrics._pairwise_distances_reduction._base, sklearn.metrics._pairwise_distances_reduction._middle_term_computer, sklearn.utils._heap, sklearn.utils._sorting, sklearn.metrics._pairwise_distances_reduction._argkmin, sklearn.metrics._pairwise_distances_reduction._argkmin_classmode, sklearn.utils._vector_sentinel, sklearn.metrics._pairwise_distances_reduction._radius_neighbors, sklearn.metrics._pairwise_distances_reduction._radius_neighbors_classmode, sklearn.metrics._pairwise_fast, sklearn.utils._random, sklearn.utils._seq_dataset, sklearn.linear_model._cd_fast, _loss, sklearn._loss._loss, sklearn.utils.arrayfuncs, sklearn.svm._liblinear, sklearn.svm._libsvm, sklearn.svm._libsvm_sparse, sklearn.linear_model._sag_fast, sklearn.utils._weight_vector, sklearn.linear_model._sgd_fast, sklearn.neighbors._partition_nodes, sklearn.neighbors._ball_tree, sklearn.neighbors._kd_tree, sklearn.decomposition._online_lda_fast, sklearn.decomposition._cdnmf_fast (total: 176)
Traceback (most recent call last):
  File "/orcd/home/002/jositu/ad_opt/scripts/prediction_modeling_tweedie.py", line 696, in <module>
    main()
  File "/orcd/home/002/jositu/ad_opt/scripts/prediction_modeling_tweedie.py", line 649, in main
    _, score, metrics = train_xgb_tweedie(
                        ^^^^^^^^^^^^^^^^^^
  File "/orcd/home/002/jositu/ad_opt/scripts/prediction_modeling_tweedie.py", line 438, in train_xgb_tweedie
    grid.fit(X_train, y_train)
  File "/orcd/software/core/001/pkg/miniforge/25.11.0-0/lib/python3.12/site-packages/sklearn/base.py", line 1365, in wrapper
    return fit_method(estimator, *args, **kwargs)
           ^^^^^^^^^^^^^^^^^^^^^^^^^^^^^^^^^^^^^^
  File "/orcd/software/core/001/pkg/miniforge/25.11.0-0/lib/python3.12/site-packages/sklearn/model_selection/_search.py", line 1051, in fit
    self._run_search(evaluate_candidates)
  File "/orcd/software/core/001/pkg/miniforge/25.11.0-0/lib/python3.12/site-packages/sklearn/model_selection/_search.py", line 1605, in _run_search
    evaluate_candidates(ParameterGrid(self.param_grid))
  File "/orcd/software/core/001/pkg/miniforge/25.11.0-0/lib/python3.12/site-packages/sklearn/model_selection/_search.py", line 997, in evaluate_candidates
    out = parallel(
          ^^^^^^^^^
  File "/orcd/software/core/001/pkg/miniforge/25.11.0-0/lib/python3.12/site-packages/sklearn/utils/parallel.py", line 82, in __call__
    return super().__call__(iterable_with_config_and_warning_filters)
           ^^^^^^^^^^^^^^^^^^^^^^^^^^^^^^^^^^^^^^^^^^^^^^^^^^^^^^^^^^
  File "/orcd/software/core/001/pkg/miniforge/25.11.0-0/lib/python3.12/site-packages/joblib/parallel.py", line 2072, in __call__
    return output if self.return_generator else list(output)
                                                ^^^^^^^^^^^^
  File "/orcd/software/core/001/pkg/miniforge/25.11.0-0/lib/python3.12/site-packages/joblib/parallel.py", line 1682, in _get_outputs
    yield from self._retrieve()
  File "/orcd/software/core/001/pkg/miniforge/25.11.0-0/lib/python3.12/site-packages/joblib/parallel.py", line 1784, in _retrieve
    self._raise_error_fast()
  File "/orcd/software/core/001/pkg/miniforge/25.11.0-0/lib/python3.12/site-packages/joblib/parallel.py", line 1859, in _raise_error_fast
    error_job.get_result(self.timeout)
  File "/orcd/software/core/001/pkg/miniforge/25.11.0-0/lib/python3.12/site-packages/joblib/parallel.py", line 758, in get_result
    return self._return_or_raise()
           ^^^^^^^^^^^^^^^^^^^^^^^
  File "/orcd/software/core/001/pkg/miniforge/25.11.0-0/lib/python3.12/site-packages/joblib/parallel.py", line 773, in _return_or_raise
    raise self._result
joblib.externals.loky.process_executor.TerminatedWorkerError: A worker process managed by the executor was unexpectedly terminated. This could be caused by a segmentation fault while calling the function or by an excessive memory usage causing the Operating System to kill the worker.

The exit codes of the workers are {SIGSEGV(-11)}
Detailed tracebacks of the workers should have been printed to stderr in the executor process if faulthandler was not disabled.
Fatal Python error: Segmentation fault

Thread 0x0000149a0721c400 (most recent call first):
  File "/home/jositu/.local/lib/python3.12/site-packages/xgboost/core.py", line 1823 in _init
  File "/home/jositu/.local/lib/python3.12/site-packages/xgboost/core.py", line 1768 in __init__
  File "/home/jositu/.local/lib/python3.12/site-packages/xgboost/core.py", line 774 in inner_f
  File "/home/jositu/.local/lib/python3.12/site-packages/xgboost/sklearn.py", line 1257 in _create_dmatrix
  File "/home/jositu/.local/lib/python3.12/site-packages/xgboost/sklearn.py", line 702 in _wrap_evaluation_matrices
  File "/home/jositu/.local/lib/python3.12/site-packages/xgboost/sklearn.py", line 1343 in fit
  File "/home/jositu/.local/lib/python3.12/site-packages/xgboost/core.py", line 774 in inner_f
  File "/orcd/software/core/001/pkg/miniforge/25.11.0-0/lib/python3.12/site-packages/sklearn/pipeline.py", line 663 in fit
  File "/orcd/software/core/001/pkg/miniforge/25.11.0-0/lib/python3.12/site-packages/sklearn/base.py", line 1365 in wrapper
  File "/orcd/software/core/001/pkg/miniforge/25.11.0-0/lib/python3.12/site-packages/sklearn/model_selection/_validation.py", line 859 in _fit_and_score
  File "/orcd/software/core/001/pkg/miniforge/25.11.0-0/lib/python3.12/site-packages/sklearn/utils/parallel.py", line 147 in __call__
  File "/orcd/software/core/001/pkg/miniforge/25.11.0-0/lib/python3.12/site-packages/joblib/parallel.py", line 607 in __call__
  File "/orcd/software/core/001/pkg/miniforge/25.11.0-0/lib/python3.12/site-packages/joblib/externals/loky/process_executor.py", line 291 in __call__
  File "/orcd/software/core/001/pkg/miniforge/25.11.0-0/lib/python3.12/site-packages/joblib/externals/loky/process_executor.py", line 490 in _process_worker
  File "/orcd/software/core/001/pkg/miniforge/25.11.0-0/lib/python3.12/multiprocessing/process.py", line 108 in run
  File "/orcd/software/core/001/pkg/miniforge/25.11.0-0/lib/python3.12/multiprocessing/process.py", line 314 in _bootstrap
  File "/orcd/software/core/001/pkg/miniforge/25.11.0-0/lib/python3.12/site-packages/joblib/externals/loky/backend/popen_loky_posix.py", line 180 in <module>
  File "<frozen runpy>", line 88 in _run_code
  File "<frozen runpy>", line 198 in _run_module_as_main

Extension modules: psutil._psutil_linux, numpy._core._multiarray_umath, numpy.linalg._umath_linalg, sklearn.__check_build._check_build, _cyutility, scipy._cyutility, scipy._lib._ccallback_c, numpy.random._common, numpy.random.bit_generator, numpy.random._bounded_integers, numpy.random._pcg64, numpy.random._mt19937, numpy.random._generator, numpy.random._philox, numpy.random._sfc64, numpy.random.mtrand, scipy.sparse._sparsetools, _csparsetools, scipy.sparse._csparsetools, scipy.special._ufuncs_cxx, scipy.special._ellip_harm_2, scipy.special._special_ufuncs, scipy.special._gufuncs, scipy.special._ufuncs, scipy.special._specfun, scipy.special._comb, scipy.linalg._fblas, scipy.linalg._flapack, scipy.linalg.cython_lapack, scipy.linalg._cythonized_array_utils, scipy.linalg._solve_toeplitz, scipy.linalg._decomp_lu_cython, scipy.linalg._matfuncs_schur_sqrtm, scipy.linalg._matfuncs_expm, scipy.linalg._linalg_pythran, scipy.linalg.cython_blas, scipy.linalg._decomp_update, scipy.sparse.linalg._dsolve._superlu, scipy.sparse.linalg._eigen.arpack._arpack, scipy.sparse.linalg._propack._spropack, scipy.sparse.linalg._propack._dpropack, scipy.sparse.linalg._propack._cpropack, scipy.sparse.linalg._propack._zpropack, scipy.spatial._ckdtree, scipy._lib.messagestream, scipy.spatial._qhull, scipy.spatial._voronoi, scipy.spatial._hausdorff, scipy.spatial._distance_wrap, scipy.spatial.transform._rotation, scipy.spatial.transform._rigid_transform, scipy.optimize._group_columns, scipy.optimize._trlib._trlib, scipy.optimize._lbfgsb, _moduleTNC, scipy.optimize._moduleTNC, scipy.optimize._slsqplib, scipy.optimize._minpack, scipy.optimize._lsq.givens_elimination, scipy.optimize._zeros, scipy._lib._uarray._uarray, scipy.linalg._decomp_interpolative, scipy.optimize._bglu_dense, scipy.optimize._lsap, scipy.optimize._direct, scipy.integrate._odepack, scipy.integrate._quadpack, scipy.integrate._vode, scipy.integrate._dop, scipy.integrate._lsoda, scipy.interpolate._fitpack, scipy.interpolate._dfitpack, scipy.interpolate._dierckx, scipy.interpolate._ppoly, scipy.interpolate._interpnd, scipy.interpolate._rbfinterp_pythran, scipy.interpolate._rgi_cython, scipy.special.cython_special, scipy.stats._stats, scipy.stats._biasedurn, scipy.stats._stats_pythran, scipy.stats._levy_stable.levyst, scipy.stats._ansari_swilk_statistics, scipy.sparse.csgraph._tools, scipy.sparse.csgraph._shortest_path, scipy.sparse.csgraph._traversal, scipy.sparse.csgraph._min_spanning_tree, scipy.sparse.csgraph._flow, scipy.sparse.csgraph._matching, scipy.sparse.csgraph._reordering, scipy.stats._sobol, scipy.stats._qmc_cy, scipy.stats._rcont.rcont, scipy.stats._qmvnt_cy, scipy.ndimage._nd_image, scipy.ndimage._rank_filter_1d, _ni_label, scipy.ndimage._ni_label, pandas._libs.tslibs.ccalendar, pandas._libs.tslibs.np_datetime, pandas._libs.tslibs.dtypes, pandas._libs.tslibs.base, pandas._libs.tslibs.nattype, pandas._libs.tslibs.timezones, pandas._libs.tslibs.fields, pandas._libs.tslibs.timedeltas, pandas._libs.tslibs.tzconversion, pandas._libs.tslibs.timestamps, pandas._libs.properties, pandas._libs.tslibs.offsets, pandas._libs.tslibs.strptime, pandas._libs.tslibs.parsing, pandas._libs.tslibs.conversion, pandas._libs.tslibs.period, pandas._libs.tslibs.vectorized, pandas._libs.ops_dispatch, pandas._libs.missing, pandas._libs.hashtable, pandas._libs.algos, pandas._libs.interval, pandas._libs.lib, pandas._libs.ops, pandas._libs.hashing, pandas._libs.arrays, pandas._libs.tslib, pandas._libs.sparse, pandas._libs.internals, pandas._libs.indexing, pandas._libs.index, pandas._libs.writers, pandas._libs.join, pandas._libs.window.aggregations, pandas._libs.window.indexers, pandas._libs.reshape, pandas._libs.groupby, pandas._libs.json, pandas._libs.parsers, pandas._libs.testing, sklearn._cyutility, sklearn.utils._isfinite, sklearn.utils.sparsefuncs_fast, sklearn.utils.murmurhash, sklearn.utils._openmp_helpers, sklearn.metrics.cluster._expected_mutual_info_fast, sklearn.preprocessing._csr_polynomial_expansion, sklearn.preprocessing._target_encoder_fast, sklearn.metrics._dist_metrics, sklearn.metrics._pairwise_distances_reduction._datasets_pair, sklearn.utils._cython_blas, sklearn.metrics._pairwise_distances_reduction._base, sklearn.metrics._pairwise_distances_reduction._middle_term_computer, sklearn.utils._heap, sklearn.utils._sorting, sklearn.metrics._pairwise_distances_reduction._argkmin, sklearn.metrics._pairwise_distances_reduction._argkmin_classmode, sklearn.utils._vector_sentinel, sklearn.metrics._pairwise_distances_reduction._radius_neighbors, sklearn.metrics._pairwise_distances_reduction._radius_neighbors_classmode, sklearn.metrics._pairwise_fast, sklearn.utils._random, sklearn.utils._seq_dataset, sklearn.linear_model._cd_fast, _loss, sklearn._loss._loss, sklearn.utils.arrayfuncs, sklearn.svm._liblinear, sklearn.svm._libsvm, sklearn.svm._libsvm_sparse, sklearn.linear_model._sag_fast, sklearn.utils._weight_vector, sklearn.linear_model._sgd_fast, sklearn.neighbors._partition_nodes, sklearn.neighbors._ball_tree, sklearn.neighbors._kd_tree, sklearn.decomposition._online_lda_fast, sklearn.decomposition._cdnmf_fast (total: 176)
Traceback (most recent call last):
  File "/orcd/home/002/jositu/ad_opt/scripts/prediction_modeling_tweedie.py", line 696, in <module>
    main()
  File "/orcd/home/002/jositu/ad_opt/scripts/prediction_modeling_tweedie.py", line 649, in main
    _, score, metrics = train_xgb_tweedie(
                        ^^^^^^^^^^^^^^^^^^
  File "/orcd/home/002/jositu/ad_opt/scripts/prediction_modeling_tweedie.py", line 438, in train_xgb_tweedie
    grid.fit(X_train, y_train)
  File "/orcd/software/core/001/pkg/miniforge/25.11.0-0/lib/python3.12/site-packages/sklearn/base.py", line 1365, in wrapper
    return fit_method(estimator, *args, **kwargs)
           ^^^^^^^^^^^^^^^^^^^^^^^^^^^^^^^^^^^^^^
  File "/orcd/software/core/001/pkg/miniforge/25.11.0-0/lib/python3.12/site-packages/sklearn/model_selection/_search.py", line 1051, in fit
    self._run_search(evaluate_candidates)
  File "/orcd/software/core/001/pkg/miniforge/25.11.0-0/lib/python3.12/site-packages/sklearn/model_selection/_search.py", line 1605, in _run_search
    evaluate_candidates(ParameterGrid(self.param_grid))
  File "/orcd/software/core/001/pkg/miniforge/25.11.0-0/lib/python3.12/site-packages/sklearn/model_selection/_search.py", line 997, in evaluate_candidates
    out = parallel(
          ^^^^^^^^^
  File "/orcd/software/core/001/pkg/miniforge/25.11.0-0/lib/python3.12/site-packages/sklearn/utils/parallel.py", line 82, in __call__
    return super().__call__(iterable_with_config_and_warning_filters)
           ^^^^^^^^^^^^^^^^^^^^^^^^^^^^^^^^^^^^^^^^^^^^^^^^^^^^^^^^^^
  File "/orcd/software/core/001/pkg/miniforge/25.11.0-0/lib/python3.12/site-packages/joblib/parallel.py", line 2072, in __call__
    return output if self.return_generator else list(output)
                                                ^^^^^^^^^^^^
  File "/orcd/software/core/001/pkg/miniforge/25.11.0-0/lib/python3.12/site-packages/joblib/parallel.py", line 1682, in _get_outputs
    yield from self._retrieve()
  File "/orcd/software/core/001/pkg/miniforge/25.11.0-0/lib/python3.12/site-packages/joblib/parallel.py", line 1784, in _retrieve
    self._raise_error_fast()
  File "/orcd/software/core/001/pkg/miniforge/25.11.0-0/lib/python3.12/site-packages/joblib/parallel.py", line 1859, in _raise_error_fast
    error_job.get_result(self.timeout)
  File "/orcd/software/core/001/pkg/miniforge/25.11.0-0/lib/python3.12/site-packages/joblib/parallel.py", line 758, in get_result
    return self._return_or_raise()
           ^^^^^^^^^^^^^^^^^^^^^^^
  File "/orcd/software/core/001/pkg/miniforge/25.11.0-0/lib/python3.12/site-packages/joblib/parallel.py", line 773, in _return_or_raise
    raise self._result
joblib.externals.loky.process_executor.TerminatedWorkerError: A worker process managed by the executor was unexpectedly terminated. This could be caused by a segmentation fault while calling the function or by an excessive memory usage causing the Operating System to kill the worker.

The exit codes of the workers are {SIGSEGV(-11)}
Detailed tracebacks of the workers should have been printed to stderr in the executor process if faulthandler was not disabled.
