Traceback (most recent call last):
  File "/orcd/home/002/jositu/ad_opt/scripts/prediction_modeling.py", line 354, in main
    _, score, metrics = train_ort(X_train, y_train, X_test, y_test, args.target, args.embedding_method)
                        ^^^^^^^^^^^^^^^^^^^^^^^^^^^^^^^^^^^^^^^^^^^^^^^^^^^^^^^^^^^^^^^^^^^^^^^^^^^^^^^
  File "/orcd/home/002/jositu/ad_opt/scripts/prediction_modeling.py", line 193, in train_ort
    grid_ort.fit_cv(X_train, y_train, validation_criterion='tweedie', n_folds=3, verbose=True)
  File "/home/jositu/.local/lib/python3.12/site-packages/interpretableai/iaibase.py", line 1037, in fit_cv
    _IAI.fit_cv_convert(self._jl_obj, *args, **kwargs)
RuntimeError: <PyCall.jlwrap (in a Julia function called from Python)
JULIA: TaskFailedException

    nested task error: AssertionError: index_to_delete > 0
    Stacktrace:
     [1] trimworstsplit!(tree::IAITrees.Tree{IAIBase.RegressionTask, IAITrees.Node{IAIBase.RegressionTask, IAIBase.RegressionFit}}, threshold::Float64)
       @ IAITrees /home/iai/builds/InterpretableAI/SystemImage/SysImgBuilder/.julia/packages/IAITrees/tIX1f/src/tree.jl:658
     [2] trimcp!
       @ /home/iai/builds/InterpretableAI/SystemImage/SysImgBuilder/.julia/packages/IAITrees/tIX1f/src/tree.jl:681 [inlined]
     [3] run_worker_iteration!(rep::Int64, show_progress::Bool, ls::OptimalTrees.LocalSearcher{IAIBase.RegressionTask, OptimalTrees.RegressionEvaluatorTweedieConstant, IAIBase.RegressionTarget}, gs::OptimalTrees.LocalSearcher{IAIBase.RegressionTask, OptimalTrees.RegressionEvaluatorMSEConstant, IAIBase.RegressionTarget}, rng_gen::IAIBase.RandomStreams.MRG32k3aGen)
       @ OptimalTrees /home/iai/builds/InterpretableAI/SystemImage/SysImgBuilder/.julia/packages/OptimalTrees/Z6MCs/src/localsearch/distributed.jl:102
     [4] run_task(tid::Int64, f_run::Function, f_setup::Function, job_channel::Channel{Int64}, results_channel::Channel{Any}, progress::IAIBase.Progress, uses_subprogress::Bool, obj::Tuple{OptimalTrees.LocalSearcher{IAIBase.RegressionTask, OptimalTrees.RegressionEvaluatorTweedieConstant, IAIBase.RegressionTarget}, OptimalTrees.LocalSearcher{IAIBase.RegressionTask, OptimalTrees.RegressionEvaluatorMSEConstant, IAIBase.RegressionTarget}})
       @ IAIBase /home/iai/builds/InterpretableAI/SystemImage/SysImgBuilder/.julia/packages/IAIBase/seQeG/src/utils/distributed.jl:229
     [5] (::IAIBase.var"#27#28"{Tuple{typeof(OptimalTrees.run_worker_iteration!), typeof(OptimalTrees.task_local_copy), Channel{Int64}, Channel{Any}, IAIBase.Progress, Bool, Tuple{OptimalTrees.LocalSearcher{IAIBase.RegressionTask, OptimalTrees.RegressionEvaluatorTweedieConstant, IAIBase.RegressionTarget}, OptimalTrees.LocalSearcher{IAIBase.RegressionTask, OptimalTrees.RegressionEvaluatorMSEConstant, IAIBase.RegressionTarget}}}, Int64})()
       @ IAIBase /home/iai/builds/InterpretableAI/SystemImage/SysImgBuilder/.julia/packages/IAIBase/seQeG/src/utils/distributed.jl:192

...and 7 more exceptions.

Stacktrace:
  [1] sync_end(c::Channel{Any})
    @ Base ./task.jl:448
  [2] macro expansion
    @ ./task.jl:480 [inlined]
  [3] spawn_tasks(::Int64, ::Int64, ::Function, ::Vararg{Any})
    @ IAIBase /home/iai/builds/InterpretableAI/SystemImage/SysImgBuilder/.julia/packages/IAIBase/seQeG/src/utils/distributed.jl:191
  [4] macro expansion
    @ /home/iai/builds/InterpretableAI/SystemImage/SysImgBuilder/.julia/packages/IAIBase/seQeG/src/utils/distributed.jl:156 [inlined]
  [5] macro expansion
    @ ./task.jl:479 [inlined]
  [6] run_distributed!(f_consume::Function, obj::Tuple{OptimalTrees.LocalSearcher{IAIBase.RegressionTask, OptimalTrees.RegressionEvaluatorTweedieConstant, IAIBase.RegressionTarget}, OptimalTrees.LocalSearcher{IAIBase.RegressionTask, OptimalTrees.RegressionEvaluatorMSEConstant, IAIBase.RegressionTarget}}, f_run::Function, f_setup::Function, jobs::Vector{Int64}, procs::Vector{Int64}, n_threads::Int64, progress::IAIBase.Progress, uses_subprogress::Bool, f_checkpoint::OptimalTrees.var"#121#125"{OptimalTrees.OptimalTreeRegressor, Int64})
    @ IAIBase /home/iai/builds/InterpretableAI/SystemImage/SysImgBuilder/.julia/packages/IAIBase/seQeG/src/utils/distributed.jl:144
  [7] run_distributed(show_progress::Bool, procs::Vector{Int64}, n_threads::Int64, jobs::Vector{Int64}, message::String; iter_func::Function, iter_input::Tuple{OptimalTrees.LocalSearcher{IAIBase.RegressionTask, OptimalTrees.RegressionEvaluatorTweedieConstant, IAIBase.RegressionTarget}, OptimalTrees.LocalSearcher{IAIBase.RegressionTask, OptimalTrees.RegressionEvaluatorMSEConstant, IAIBase.RegressionTarget}}, iter_setup::Function, iter_uses_subprogress::Bool, consume_func::Function, checkpoint_func::Function)
    @ IAIBase /home/iai/builds/InterpretableAI/SystemImage/SysImgBuilder/.julia/packages/IAIBase/seQeG/src/utils/distributed.jl:102
  [8] run_distributed(::OptimalTrees.OptimalTreeRegressor, ::Vector{Int64}, ::Vararg{Any}; show_progress::Bool, kwargs::@Kwargs{iter_input::Tuple{OptimalTrees.LocalSearcher{IAIBase.RegressionTask, OptimalTrees.RegressionEvaluatorTweedieConstant, IAIBase.RegressionTarget}, OptimalTrees.LocalSearcher{IAIBase.RegressionTask, OptimalTrees.RegressionEvaluatorMSEConstant, IAIBase.RegressionTarget}}, iter_setup::typeof(OptimalTrees.task_local_copy), iter_func::typeof(OptimalTrees.run_worker_iteration!), iter_uses_subprogress::Bool, consume_func::OptimalTrees.var"#120#124"{OptimalTrees.OptimalTreeRegressor}, checkpoint_func::OptimalTrees.var"#121#125"{OptimalTrees.OptimalTreeRegressor, Int64}})
    @ IAIBase /home/iai/builds/InterpretableAI/SystemImage/SysImgBuilder/.julia/packages/IAIBase/seQeG/src/learner.jl:441
  [9] run_distributed
    @ /home/iai/builds/InterpretableAI/SystemImage/SysImgBuilder/.julia/packages/IAIBase/seQeG/src/learner.jl:436 [inlined]
 [10] _fit!(lnr::OptimalTrees.OptimalTreeRegressor, ls::OptimalTrees.LocalSearcher{IAIBase.RegressionTask, OptimalTrees.RegressionEvaluatorTweedieConstant, IAIBase.RegressionTarget}, gs::OptimalTrees.LocalSearcher{IAIBase.RegressionTask, OptimalTrees.RegressionEvaluatorMSEConstant, IAIBase.RegressionTarget}, is_resuming::Bool)
    @ OptimalTrees /home/iai/builds/InterpretableAI/SystemImage/SysImgBuilder/.julia/packages/OptimalTrees/Z6MCs/src/localsearch/distributed.jl:21
 [11] _fit!(lnr::OptimalTrees.OptimalTreeRegressor; is_resuming::Bool)
    @ OptimalTrees /home/iai/builds/InterpretableAI/SystemImage/SysImgBuilder/.julia/packages/OptimalTrees/Z6MCs/src/localsearch/distributed.jl:7
 [12] _fit!
    @ /home/iai/builds/InterpretableAI/SystemImage/SysImgBuilder/.julia/packages/OptimalTrees/Z6MCs/src/localsearch/distributed.jl:2 [inlined]
 [13] #301
    @ /home/iai/builds/InterpretableAI/SystemImage/SysImgBuilder/.julia/packages/IAIBase/seQeG/src/api.jl:244 [inlined]
 [14] acquire_license(f::IAIBase.var"#301#302"{@Kwargs{}, OptimalTrees.OptimalTreeRegressor}; parallel_processes::Vector{Int64})
    @ IAILicensing /home/iai/builds/InterpretableAI/SystemImage/SysImgBuilder/.julia/packages/IAILicensing/OFb67/src/licensing.jl:269
 [15] acquire_license(f::Function, lnr::OptimalTrees.OptimalTreeRegressor)
    @ IAIBase /home/iai/builds/InterpretableAI/SystemImage/SysImgBuilder/.julia/packages/IAIBase/seQeG/src/learner.jl:589
 [16] _fit!(lnr::OptimalTrees.OptimalTreeRegressor, data::IAIBase.Data{IAIBase.RegressionTask, IAIBase.RegressionTarget}; kwargs::@Kwargs{})
    @ IAIBase /home/iai/builds/InterpretableAI/SystemImage/SysImgBuilder/.julia/packages/IAIBase/seQeG/src/api.jl:243
 [17] _fit!
    @ /home/iai/builds/InterpretableAI/SystemImage/SysImgBuilder/.julia/packages/IAIBase/seQeG/src/api.jl:236 [inlined]
 [18] grid_fit!(lnr::OptimalTrees.OptimalTreeRegressor, data::IAIBase.Data{IAIBase.RegressionTask, IAIBase.RegressionTarget}, fold::Tuple{Vector{Int64}, Vector{Int64}}, params::Dict{Symbol, Any}, validation_criterion::Symbol; is_resuming::Bool, kwargs::@Kwargs{})
    @ IAITrees /home/iai/builds/InterpretableAI/SystemImage/SysImgBuilder/.julia/packages/IAITrees/tIX1f/src/gridsearch.jl:106
 [19] grid_fit!
    @ /home/iai/builds/InterpretableAI/SystemImage/SysImgBuilder/.julia/packages/IAITrees/tIX1f/src/gridsearch.jl:80 [inlined]
 [20] macro expansion
    @ /home/iai/builds/InterpretableAI/SystemImage/SysImgBuilder/.julia/packages/IAIBase/seQeG/src/gridsearch.jl:727 [inlined]
 [21] macro expansion
    @ /home/iai/builds/InterpretableAI/SystemImage/SysImgBuilder/.julia/packages/IAIBase/seQeG/src/utils/progress.jl:312 [inlined]
 [22] macro expansion
    @ /home/iai/builds/InterpretableAI/SystemImage/SysImgBuilder/.julia/packages/IAIBase/seQeG/src/gridsearch.jl:697 [inlined]
 [23] macro expansion
    @ /home/iai/builds/InterpretableAI/SystemImage/SysImgBuilder/.julia/packages/IAIBase/seQeG/src/utils/progress.jl:312 [inlined]
 [24] _fit_inner!(grid::IAIBase.GridSearch{OptimalTrees.OptimalTreeRegressor, IAITrees.TreeGridResult, IAIBase.Data{IAIBase.RegressionTask, IAIBase.RegressionTarget}}; validation_criterion::String, verbose::Bool, run_gc::Bool, is_resuming::Bool, kwargs::@Kwargs{})
    @ IAIBase /home/iai/builds/InterpretableAI/SystemImage/SysImgBuilder/.julia/packages/IAIBase/seQeG/src/gridsearch.jl:693
 [25] _fit!(grid::IAIBase.GridSearch{OptimalTrees.OptimalTreeRegressor, IAITrees.TreeGridResult, IAIBase.Data{IAIBase.RegressionTask, IAIBase.RegressionTarget}}; kwargs::@Kwargs{})
    @ IAIBase /home/iai/builds/InterpretableAI/SystemImage/SysImgBuilder/.julia/packages/IAIBase/seQeG/src/gridsearch.jl:655
 [26] _fit!
    @ /home/iai/builds/InterpretableAI/SystemImage/SysImgBuilder/.julia/packages/IAIBase/seQeG/src/gridsearch.jl:654 [inlined]
 [27] #270
    @ /home/iai/builds/InterpretableAI/SystemImage/SysImgBuilder/.julia/packages/IAIBase/seQeG/src/gridsearch.jl:649 [inlined]
 [28] acquire_license(f::IAIBase.var"#270#271"{IAIBase.GridSearch{OptimalTrees.OptimalTreeRegressor, IAITrees.TreeGridResult, IAIBase.Data{IAIBase.RegressionTask, IAIBase.RegressionTarget}}}; parallel_processes::Vector{Int64})
    @ IAILicensing /home/iai/builds/InterpretableAI/SystemImage/SysImgBuilder/.julia/packages/IAILicensing/OFb67/src/licensing.jl:269
 [29] acquire_license(f::Function, lnr::OptimalTrees.OptimalTreeRegressor)
    @ IAIBase /home/iai/builds/InterpretableAI/SystemImage/SysImgBuilder/.julia/packages/IAIBase/seQeG/src/learner.jl:589
 [30] #acquire_license#243
    @ /home/iai/builds/InterpretableAI/SystemImage/SysImgBuilder/.julia/packages/IAIBase/seQeG/src/gridsearch.jl:309 [inlined]
 [31] acquire_license
    @ /home/iai/builds/InterpretableAI/SystemImage/SysImgBuilder/.julia/packages/IAIBase/seQeG/src/gridsearch.jl:307 [inlined]
 [32] _fit_common!(grid::IAIBase.GridSearch{OptimalTrees.OptimalTreeRegressor, IAITrees.TreeGridResult, IAIBase.Data{IAIBase.RegressionTask, IAIBase.RegressionTarget}}, data::IAIBase.Data{IAIBase.RegressionTask, IAIBase.RegressionTarget}; kwargs::@Kwargs{validation_criterion::String, verbose::Bool})
    @ IAIBase /home/iai/builds/InterpretableAI/SystemImage/SysImgBuilder/.julia/packages/IAIBase/seQeG/src/gridsearch.jl:648
 [33] _fit_common!
    @ /home/iai/builds/InterpretableAI/SystemImage/SysImgBuilder/.julia/packages/IAIBase/seQeG/src/gridsearch.jl:640 [inlined]
 [34] _fit_cv!(grid::IAIBase.GridSearch{OptimalTrees.OptimalTreeRegressor, IAITrees.TreeGridResult, IAIBase.Data{IAIBase.RegressionTask, IAIBase.RegressionTarget}}, data::IAIBase.Data{IAIBase.RegressionTask, IAIBase.RegressionTarget}; n_folds::Int64, kwargs::@Kwargs{validation_criterion::String, verbose::Bool})
    @ IAIBase /home/iai/builds/InterpretableAI/SystemImage/SysImgBuilder/.julia/packages/IAIBase/seQeG/src/gridsearch.jl:636
 [35] _fit_cv!
    @ /home/iai/builds/InterpretableAI/SystemImage/SysImgBuilder/.julia/packages/IAIBase/seQeG/src/gridsearch.jl:615 [inlined]
 [36] #fit_cv!#344
    @ /home/iai/builds/InterpretableAI/SystemImage/SysImgBuilder/.julia/packages/IAIBase/seQeG/src/api.jl:154 [inlined]
 [37] fit_cv_convert(::IAIBase.GridSearch{OptimalTrees.OptimalTreeRegressor, IAITrees.TreeGridResult, IAIBase.Data{IAIBase.RegressionTask, IAIBase.RegressionTarget}}, ::Vararg{Any}; kwargs::@Kwargs{validation_criterion::String, n_folds::Int64, verbose::Bool})
    @ Main /orcd/home/002/jositu/.local/lib/python3.12/site-packages/interpretableai/convert.jl:200
 [38] invokelatest(::Any, ::Any, ::Vararg{Any}; kwargs::@Kwargs{validation_criterion::String, n_folds::Int64, verbose::Bool})
    @ Base ./essentials.jl:894
 [39] _pyjlwrap_call(f::Function, args_::Ptr{PyCall.PyObject_struct}, kw_::Ptr{PyCall.PyObject_struct})
    @ PyCall ~/.julia/packages/PyCall/1gn3u/src/callback.jl:32
 [40] pyjlwrap_call(self_::Ptr{PyCall.PyObject_struct}, args_::Ptr{PyCall.PyObject_struct}, kw_::Ptr{PyCall.PyObject_struct})
    @ PyCall ~/.julia/packages/PyCall/1gn3u/src/callback.jl:44>
[ Warning: This copy of Interpretable AI software is for academic purposes only and not for commercial use.
┌ Warning: Interpretable AI license expires soon: 2025-12-31T00:00:00. If you need to renew, please send us the following machine ID:
└ 65f5dce048a17df5d8453a8f23a97d3875fe5a898bb6330e35c3060b55b9cc71
Traceback (most recent call last):
  File "/orcd/home/002/jositu/ad_opt/scripts/prediction_modeling.py", line 354, in main
    _, score, metrics = train_ort(X_train, y_train, X_test, y_test, args.target, args.embedding_method)
                        ^^^^^^^^^^^^^^^^^^^^^^^^^^^^^^^^^^^^^^^^^^^^^^^^^^^^^^^^^^^^^^^^^^^^^^^^^^^^^^^
  File "/orcd/home/002/jositu/ad_opt/scripts/prediction_modeling.py", line 193, in train_ort
    grid_ort.fit_cv(X_train, y_train, validation_criterion='tweedie', n_folds=3, verbose=True)
  File "/home/jositu/.local/lib/python3.12/site-packages/interpretableai/iaibase.py", line 1037, in fit_cv
    _IAI.fit_cv_convert(self._jl_obj, *args, **kwargs)
RuntimeError: <PyCall.jlwrap (in a Julia function called from Python)
JULIA: TaskFailedException

    nested task error: AssertionError: index_to_delete > 0
    Stacktrace:
     [1] trimworstsplit!(tree::IAITrees.Tree{IAIBase.RegressionTask, IAITrees.Node{IAIBase.RegressionTask, IAIBase.RegressionFit}}, threshold::Float64)
       @ IAITrees /home/iai/builds/InterpretableAI/SystemImage/SysImgBuilder/.julia/packages/IAITrees/tIX1f/src/tree.jl:658
     [2] trimcp!
       @ /home/iai/builds/InterpretableAI/SystemImage/SysImgBuilder/.julia/packages/IAITrees/tIX1f/src/tree.jl:681 [inlined]
     [3] run_worker_iteration!(rep::Int64, show_progress::Bool, ls::OptimalTrees.LocalSearcher{IAIBase.RegressionTask, OptimalTrees.RegressionEvaluatorTweedieConstant, IAIBase.RegressionTarget}, gs::OptimalTrees.LocalSearcher{IAIBase.RegressionTask, OptimalTrees.RegressionEvaluatorMSEConstant, IAIBase.RegressionTarget}, rng_gen::IAIBase.RandomStreams.MRG32k3aGen)
       @ OptimalTrees /home/iai/builds/InterpretableAI/SystemImage/SysImgBuilder/.julia/packages/OptimalTrees/Z6MCs/src/localsearch/distributed.jl:102
     [4] run_task(tid::Int64, f_run::Function, f_setup::Function, job_channel::Channel{Int64}, results_channel::Channel{Any}, progress::IAIBase.Progress, uses_subprogress::Bool, obj::Tuple{OptimalTrees.LocalSearcher{IAIBase.RegressionTask, OptimalTrees.RegressionEvaluatorTweedieConstant, IAIBase.RegressionTarget}, OptimalTrees.LocalSearcher{IAIBase.RegressionTask, OptimalTrees.RegressionEvaluatorMSEConstant, IAIBase.RegressionTarget}})
       @ IAIBase /home/iai/builds/InterpretableAI/SystemImage/SysImgBuilder/.julia/packages/IAIBase/seQeG/src/utils/distributed.jl:229
     [5] (::IAIBase.var"#27#28"{Tuple{typeof(OptimalTrees.run_worker_iteration!), typeof(OptimalTrees.task_local_copy), Channel{Int64}, Channel{Any}, IAIBase.Progress, Bool, Tuple{OptimalTrees.LocalSearcher{IAIBase.RegressionTask, OptimalTrees.RegressionEvaluatorTweedieConstant, IAIBase.RegressionTarget}, OptimalTrees.LocalSearcher{IAIBase.RegressionTask, OptimalTrees.RegressionEvaluatorMSEConstant, IAIBase.RegressionTarget}}}, Int64})()
       @ IAIBase /home/iai/builds/InterpretableAI/SystemImage/SysImgBuilder/.julia/packages/IAIBase/seQeG/src/utils/distributed.jl:192

...and 7 more exceptions.

Stacktrace:
  [1] sync_end(c::Channel{Any})
    @ Base ./task.jl:448
  [2] macro expansion
    @ ./task.jl:480 [inlined]
  [3] spawn_tasks(::Int64, ::Int64, ::Function, ::Vararg{Any})
    @ IAIBase /home/iai/builds/InterpretableAI/SystemImage/SysImgBuilder/.julia/packages/IAIBase/seQeG/src/utils/distributed.jl:191
  [4] macro expansion
    @ /home/iai/builds/InterpretableAI/SystemImage/SysImgBuilder/.julia/packages/IAIBase/seQeG/src/utils/distributed.jl:156 [inlined]
  [5] macro expansion
    @ ./task.jl:479 [inlined]
  [6] run_distributed!(f_consume::Function, obj::Tuple{OptimalTrees.LocalSearcher{IAIBase.RegressionTask, OptimalTrees.RegressionEvaluatorTweedieConstant, IAIBase.RegressionTarget}, OptimalTrees.LocalSearcher{IAIBase.RegressionTask, OptimalTrees.RegressionEvaluatorMSEConstant, IAIBase.RegressionTarget}}, f_run::Function, f_setup::Function, jobs::Vector{Int64}, procs::Vector{Int64}, n_threads::Int64, progress::IAIBase.Progress, uses_subprogress::Bool, f_checkpoint::OptimalTrees.var"#121#125"{OptimalTrees.OptimalTreeRegressor, Int64})
    @ IAIBase /home/iai/builds/InterpretableAI/SystemImage/SysImgBuilder/.julia/packages/IAIBase/seQeG/src/utils/distributed.jl:144
  [7] run_distributed(show_progress::Bool, procs::Vector{Int64}, n_threads::Int64, jobs::Vector{Int64}, message::String; iter_func::Function, iter_input::Tuple{OptimalTrees.LocalSearcher{IAIBase.RegressionTask, OptimalTrees.RegressionEvaluatorTweedieConstant, IAIBase.RegressionTarget}, OptimalTrees.LocalSearcher{IAIBase.RegressionTask, OptimalTrees.RegressionEvaluatorMSEConstant, IAIBase.RegressionTarget}}, iter_setup::Function, iter_uses_subprogress::Bool, consume_func::Function, checkpoint_func::Function)
    @ IAIBase /home/iai/builds/InterpretableAI/SystemImage/SysImgBuilder/.julia/packages/IAIBase/seQeG/src/utils/distributed.jl:102
  [8] run_distributed(::OptimalTrees.OptimalTreeRegressor, ::Vector{Int64}, ::Vararg{Any}; show_progress::Bool, kwargs::@Kwargs{iter_input::Tuple{OptimalTrees.LocalSearcher{IAIBase.RegressionTask, OptimalTrees.RegressionEvaluatorTweedieConstant, IAIBase.RegressionTarget}, OptimalTrees.LocalSearcher{IAIBase.RegressionTask, OptimalTrees.RegressionEvaluatorMSEConstant, IAIBase.RegressionTarget}}, iter_setup::typeof(OptimalTrees.task_local_copy), iter_func::typeof(OptimalTrees.run_worker_iteration!), iter_uses_subprogress::Bool, consume_func::OptimalTrees.var"#120#124"{OptimalTrees.OptimalTreeRegressor}, checkpoint_func::OptimalTrees.var"#121#125"{OptimalTrees.OptimalTreeRegressor, Int64}})
    @ IAIBase /home/iai/builds/InterpretableAI/SystemImage/SysImgBuilder/.julia/packages/IAIBase/seQeG/src/learner.jl:441
  [9] run_distributed
    @ /home/iai/builds/InterpretableAI/SystemImage/SysImgBuilder/.julia/packages/IAIBase/seQeG/src/learner.jl:436 [inlined]
 [10] _fit!(lnr::OptimalTrees.OptimalTreeRegressor, ls::OptimalTrees.LocalSearcher{IAIBase.RegressionTask, OptimalTrees.RegressionEvaluatorTweedieConstant, IAIBase.RegressionTarget}, gs::OptimalTrees.LocalSearcher{IAIBase.RegressionTask, OptimalTrees.RegressionEvaluatorMSEConstant, IAIBase.RegressionTarget}, is_resuming::Bool)
    @ OptimalTrees /home/iai/builds/InterpretableAI/SystemImage/SysImgBuilder/.julia/packages/OptimalTrees/Z6MCs/src/localsearch/distributed.jl:21
 [11] _fit!(lnr::OptimalTrees.OptimalTreeRegressor; is_resuming::Bool)
    @ OptimalTrees /home/iai/builds/InterpretableAI/SystemImage/SysImgBuilder/.julia/packages/OptimalTrees/Z6MCs/src/localsearch/distributed.jl:7
 [12] _fit!
    @ /home/iai/builds/InterpretableAI/SystemImage/SysImgBuilder/.julia/packages/OptimalTrees/Z6MCs/src/localsearch/distributed.jl:2 [inlined]
 [13] #301
    @ /home/iai/builds/InterpretableAI/SystemImage/SysImgBuilder/.julia/packages/IAIBase/seQeG/src/api.jl:244 [inlined]
 [14] acquire_license(f::IAIBase.var"#301#302"{@Kwargs{}, OptimalTrees.OptimalTreeRegressor}; parallel_processes::Vector{Int64})
    @ IAILicensing /home/iai/builds/InterpretableAI/SystemImage/SysImgBuilder/.julia/packages/IAILicensing/OFb67/src/licensing.jl:269
 [15] acquire_license(f::Function, lnr::OptimalTrees.OptimalTreeRegressor)
    @ IAIBase /home/iai/builds/InterpretableAI/SystemImage/SysImgBuilder/.julia/packages/IAIBase/seQeG/src/learner.jl:589
 [16] _fit!(lnr::OptimalTrees.OptimalTreeRegressor, data::IAIBase.Data{IAIBase.RegressionTask, IAIBase.RegressionTarget}; kwargs::@Kwargs{})
    @ IAIBase /home/iai/builds/InterpretableAI/SystemImage/SysImgBuilder/.julia/packages/IAIBase/seQeG/src/api.jl:243
 [17] _fit!
    @ /home/iai/builds/InterpretableAI/SystemImage/SysImgBuilder/.julia/packages/IAIBase/seQeG/src/api.jl:236 [inlined]
 [18] grid_fit!(lnr::OptimalTrees.OptimalTreeRegressor, data::IAIBase.Data{IAIBase.RegressionTask, IAIBase.RegressionTarget}, fold::Tuple{Vector{Int64}, Vector{Int64}}, params::Dict{Symbol, Any}, validation_criterion::Symbol; is_resuming::Bool, kwargs::@Kwargs{})
    @ IAITrees /home/iai/builds/InterpretableAI/SystemImage/SysImgBuilder/.julia/packages/IAITrees/tIX1f/src/gridsearch.jl:106
 [19] grid_fit!
    @ /home/iai/builds/InterpretableAI/SystemImage/SysImgBuilder/.julia/packages/IAITrees/tIX1f/src/gridsearch.jl:80 [inlined]
 [20] macro expansion
    @ /home/iai/builds/InterpretableAI/SystemImage/SysImgBuilder/.julia/packages/IAIBase/seQeG/src/gridsearch.jl:727 [inlined]
 [21] macro expansion
    @ /home/iai/builds/InterpretableAI/SystemImage/SysImgBuilder/.julia/packages/IAIBase/seQeG/src/utils/progress.jl:312 [inlined]
 [22] macro expansion
    @ /home/iai/builds/InterpretableAI/SystemImage/SysImgBuilder/.julia/packages/IAIBase/seQeG/src/gridsearch.jl:697 [inlined]
 [23] macro expansion
    @ /home/iai/builds/InterpretableAI/SystemImage/SysImgBuilder/.julia/packages/IAIBase/seQeG/src/utils/progress.jl:312 [inlined]
 [24] _fit_inner!(grid::IAIBase.GridSearch{OptimalTrees.OptimalTreeRegressor, IAITrees.TreeGridResult, IAIBase.Data{IAIBase.RegressionTask, IAIBase.RegressionTarget}}; validation_criterion::String, verbose::Bool, run_gc::Bool, is_resuming::Bool, kwargs::@Kwargs{})
    @ IAIBase /home/iai/builds/InterpretableAI/SystemImage/SysImgBuilder/.julia/packages/IAIBase/seQeG/src/gridsearch.jl:693
 [25] _fit!(grid::IAIBase.GridSearch{OptimalTrees.OptimalTreeRegressor, IAITrees.TreeGridResult, IAIBase.Data{IAIBase.RegressionTask, IAIBase.RegressionTarget}}; kwargs::@Kwargs{})
    @ IAIBase /home/iai/builds/InterpretableAI/SystemImage/SysImgBuilder/.julia/packages/IAIBase/seQeG/src/gridsearch.jl:655
 [26] _fit!
    @ /home/iai/builds/InterpretableAI/SystemImage/SysImgBuilder/.julia/packages/IAIBase/seQeG/src/gridsearch.jl:654 [inlined]
 [27] #270
    @ /home/iai/builds/InterpretableAI/SystemImage/SysImgBuilder/.julia/packages/IAIBase/seQeG/src/gridsearch.jl:649 [inlined]
 [28] acquire_license(f::IAIBase.var"#270#271"{IAIBase.GridSearch{OptimalTrees.OptimalTreeRegressor, IAITrees.TreeGridResult, IAIBase.Data{IAIBase.RegressionTask, IAIBase.RegressionTarget}}}; parallel_processes::Vector{Int64})
    @ IAILicensing /home/iai/builds/InterpretableAI/SystemImage/SysImgBuilder/.julia/packages/IAILicensing/OFb67/src/licensing.jl:269
 [29] acquire_license(f::Function, lnr::OptimalTrees.OptimalTreeRegressor)
    @ IAIBase /home/iai/builds/InterpretableAI/SystemImage/SysImgBuilder/.julia/packages/IAIBase/seQeG/src/learner.jl:589
 [30] #acquire_license#243
    @ /home/iai/builds/InterpretableAI/SystemImage/SysImgBuilder/.julia/packages/IAIBase/seQeG/src/gridsearch.jl:309 [inlined]
 [31] acquire_license
    @ /home/iai/builds/InterpretableAI/SystemImage/SysImgBuilder/.julia/packages/IAIBase/seQeG/src/gridsearch.jl:307 [inlined]
 [32] _fit_common!(grid::IAIBase.GridSearch{OptimalTrees.OptimalTreeRegressor, IAITrees.TreeGridResult, IAIBase.Data{IAIBase.RegressionTask, IAIBase.RegressionTarget}}, data::IAIBase.Data{IAIBase.RegressionTask, IAIBase.RegressionTarget}; kwargs::@Kwargs{validation_criterion::String, verbose::Bool})
    @ IAIBase /home/iai/builds/InterpretableAI/SystemImage/SysImgBuilder/.julia/packages/IAIBase/seQeG/src/gridsearch.jl:648
 [33] _fit_common!
    @ /home/iai/builds/InterpretableAI/SystemImage/SysImgBuilder/.julia/packages/IAIBase/seQeG/src/gridsearch.jl:640 [inlined]
 [34] _fit_cv!(grid::IAIBase.GridSearch{OptimalTrees.OptimalTreeRegressor, IAITrees.TreeGridResult, IAIBase.Data{IAIBase.RegressionTask, IAIBase.RegressionTarget}}, data::IAIBase.Data{IAIBase.RegressionTask, IAIBase.RegressionTarget}; n_folds::Int64, kwargs::@Kwargs{validation_criterion::String, verbose::Bool})
    @ IAIBase /home/iai/builds/InterpretableAI/SystemImage/SysImgBuilder/.julia/packages/IAIBase/seQeG/src/gridsearch.jl:636
 [35] _fit_cv!
    @ /home/iai/builds/InterpretableAI/SystemImage/SysImgBuilder/.julia/packages/IAIBase/seQeG/src/gridsearch.jl:615 [inlined]
 [36] #fit_cv!#344
    @ /home/iai/builds/InterpretableAI/SystemImage/SysImgBuilder/.julia/packages/IAIBase/seQeG/src/api.jl:154 [inlined]
 [37] fit_cv_convert(::IAIBase.GridSearch{OptimalTrees.OptimalTreeRegressor, IAITrees.TreeGridResult, IAIBase.Data{IAIBase.RegressionTask, IAIBase.RegressionTarget}}, ::Vararg{Any}; kwargs::@Kwargs{validation_criterion::String, n_folds::Int64, verbose::Bool})
    @ Main /orcd/home/002/jositu/.local/lib/python3.12/site-packages/interpretableai/convert.jl:200
 [38] invokelatest(::Any, ::Any, ::Vararg{Any}; kwargs::@Kwargs{validation_criterion::String, n_folds::Int64, verbose::Bool})
    @ Base ./essentials.jl:894
 [39] _pyjlwrap_call(f::Function, args_::Ptr{PyCall.PyObject_struct}, kw_::Ptr{PyCall.PyObject_struct})
    @ PyCall ~/.julia/packages/PyCall/1gn3u/src/callback.jl:32
 [40] pyjlwrap_call(self_::Ptr{PyCall.PyObject_struct}, args_::Ptr{PyCall.PyObject_struct}, kw_::Ptr{PyCall.PyObject_struct})
    @ PyCall ~/.julia/packages/PyCall/1gn3u/src/callback.jl:44>
[ Warning: This copy of Interpretable AI software is for academic purposes only and not for commercial use.
┌ Warning: Interpretable AI license expires soon: 2025-12-31T00:00:00. If you need to renew, please send us the following machine ID:
└ 65f5dce048a17df5d8453a8f23a97d3875fe5a898bb6330e35c3060b55b9cc71
[ Warning: This copy of Interpretable AI software is for academic purposes only and not for commercial use.
┌ Warning: Interpretable AI license expires soon: 2025-12-31T00:00:00. If you need to renew, please send us the following machine ID:
└ 65f5dce048a17df5d8453a8f23a97d3875fe5a898bb6330e35c3060b55b9cc71
[ Warning: This copy of Interpretable AI software is for academic purposes only and not for commercial use.
┌ Warning: Interpretable AI license expires soon: 2025-12-31T00:00:00. If you need to renew, please send us the following machine ID:
└ 65f5dce048a17df5d8453a8f23a97d3875fe5a898bb6330e35c3060b55b9cc71
